<?xml version="1.0" encoding="UTF-8"?>
<testng-results skipped="0" failed="2" total="2" passed="0">
  <reporter-output>
  </reporter-output>
  <suite name="Default suite" duration-ms="93335" started-at="2017-04-28T13:50:03Z" finished-at="2017-04-28T13:51:37Z">
    <groups>
    </groups>
    <test name="Default test" duration-ms="93335" started-at="2017-04-28T13:50:03Z" finished-at="2017-04-28T13:51:37Z">
      <class name="com.qtpselenium.facebook.pom.testcases.LoginTest">
        <test-method status="FAIL" signature="doLogin(java.util.Hashtable)[pri:0, instance:com.qtpselenium.facebook.pom.testcases.LoginTest@4f2b503c]" name="doLogin" duration-ms="43693" started-at="2017-04-28T19:20:04Z" data-provider="getData" finished-at="2017-04-28T19:20:47Z">
          <params>
            <param index="0">
              <value>
                <![CDATA[{Username=seleniumtesting, ExpectedResult=Success, Password=password1, Runmode=Y, Browser=Chrome}]]>
              </value>
            </param>
          </params>
          <exception class="java.lang.AssertionError">
            <message>
              <![CDATA[failure message]]>
            </message>
            <full-stacktrace>
              <![CDATA[java.lang.AssertionError: failure message
	at org.junit.Assert.fail(Assert.java:91)
	at com.qtpselenium.facebook.pom.testcases.base.BaseTest.reportFailure(BaseTest.java:78)
	at com.qtpselenium.facebook.pom.testcases.LoginTest.doLogin(LoginTest.java:52)
	at sun.reflect.NativeMethodAccessorImpl.invoke0(Native Method)
	at sun.reflect.NativeMethodAccessorImpl.invoke(NativeMethodAccessorImpl.java:62)
	at sun.reflect.DelegatingMethodAccessorImpl.invoke(DelegatingMethodAccessorImpl.java:43)
	at java.lang.reflect.Method.invoke(Method.java:498)
	at org.testng.internal.MethodInvocationHelper.invokeMethod(MethodInvocationHelper.java:85)
	at org.testng.internal.Invoker.invokeMethod(Invoker.java:639)
	at org.testng.internal.Invoker.invokeTestMethod(Invoker.java:821)
	at org.testng.internal.Invoker.invokeTestMethods(Invoker.java:1131)
	at org.testng.internal.TestMethodWorker.invokeTestMethods(TestMethodWorker.java:124)
	at org.testng.internal.TestMethodWorker.run(TestMethodWorker.java:108)
	at org.testng.TestRunner.privateRun(TestRunner.java:773)
	at org.testng.TestRunner.run(TestRunner.java:623)
	at org.testng.SuiteRunner.runTest(SuiteRunner.java:357)
	at org.testng.SuiteRunner.runSequentially(SuiteRunner.java:352)
	at org.testng.SuiteRunner.privateRun(SuiteRunner.java:310)
	at org.testng.SuiteRunner.run(SuiteRunner.java:259)
	at org.testng.SuiteRunnerWorker.runSuite(SuiteRunnerWorker.java:52)
	at org.testng.SuiteRunnerWorker.run(SuiteRunnerWorker.java:86)
	at org.testng.TestNG.runSuitesSequentially(TestNG.java:1185)
	at org.testng.TestNG.runSuitesLocally(TestNG.java:1110)
	at org.testng.TestNG.run(TestNG.java:1018)
	at org.testng.remote.AbstractRemoteTestNG.run(AbstractRemoteTestNG.java:132)
	at org.testng.remote.RemoteTestNG.initAndRun(RemoteTestNG.java:230)
	at org.testng.remote.RemoteTestNG.main(RemoteTestNG.java:76)
]]>
            </full-stacktrace>
          </exception> <!-- java.lang.AssertionError -->
          <reporter-output>
          </reporter-output>
        </test-method> <!-- doLogin -->
        <test-method status="PASS" signature="quit()[pri:0, instance:com.qtpselenium.facebook.pom.testcases.LoginTest@4f2b503c]" name="quit" is-config="true" duration-ms="2412" started-at="2017-04-28T19:20:47Z" finished-at="2017-04-28T19:20:50Z">
          <reporter-output>
          </reporter-output>
        </test-method> <!-- quit -->
        <test-method status="FAIL" signature="doLogin(java.util.Hashtable)[pri:0, instance:com.qtpselenium.facebook.pom.testcases.LoginTest@4f2b503c]" name="doLogin" duration-ms="46840" started-at="2017-04-28T19:20:50Z" data-provider="getData" finished-at="2017-04-28T19:21:37Z">
          <params>
            <param index="0">
              <value>
                <![CDATA[{Username=seleniumtesting, ExpectedResult=Success, Password=password1, Runmode=Y, Browser=Mozilla}]]>
              </value>
            </param>
          </params>
          <exception class="org.openqa.selenium.WebDriverException">
            <message>
              <![CDATA[Failed to connect to binary FirefoxBinary(C:\Program Files\Mozilla Firefox\firefox.exe) on port 7055; process output follows: 
assic/1.0","updateURL":null,"updateKey":null,"optionsURL":null,"optionsType":null,"aboutURL":null,"icons":{"32":"icon.png","48":"icon.png"},"iconURL":null,"icon64URL":null,"defaultLocale":{"name":"Default","description":"The default theme.","creator":"Mozilla","homepageURL":null,"contributors":["Mozilla Contributors"]},"visible":true,"active":true,"userDisabled":false,"appDisabled":false,"descriptor":"C:\\Program Files\\Mozilla Firefox\\browser\\extensions\\{972ce4c6-7e08-4474-a285-3208198ce6fd}.xpi","installDate":1465086452000,"updateDate":1465086452000,"applyBackgroundUpdates":1,"skinnable":true,"size":22006,"sourceURI":null,"releaseNotesURI":null,"softDisabled":false,"foreignInstall":false,"hasBinaryComponents":false,"strictCompatibility":true,"locales":[],"targetApplications":[{"id":"{ec8030f7-c20a-464f-9b0e-13a3a9e97384}","minVersion":"47.0","maxVersion":"47.0"}],"targetPlatforms":[],"seen":true}
1493387455703	addons.xpi	DEBUG	getModTime: Recursive scan of {972ce4c6-7e08-4474-a285-3208198ce6fd}
1493387455704	DeferredSave.extensions.json	DEBUG	Save changes
1493387455704	addons.xpi	DEBUG	Updating database with changes to installed add-ons
1493387455704	addons.xpi-utils	DEBUG	Updating add-on states
1493387455705	addons.xpi-utils	DEBUG	Writing add-ons list
1493387455709	addons.xpi	DEBUG	Registering manifest for C:\Program Files\Mozilla Firefox\browser\features\e10srollout@mozilla.org.xpi
1493387455710	addons.xpi	DEBUG	Calling bootstrap method startup on e10srollout@mozilla.org version 1.0
1493387455710	addons.xpi	DEBUG	Registering manifest for C:\Program Files\Mozilla Firefox\browser\features\firefox@getpocket.com.xpi
1493387455711	addons.xpi	DEBUG	Calling bootstrap method startup on firefox@getpocket.com version 1.0.2
1493387455712	addons.xpi	DEBUG	Registering manifest for C:\Program Files\Mozilla Firefox\browser\features\loop@mozilla.org.xpi
1493387455713	addons.xpi	DEBUG	Calling bootstrap method startup on loop@mozilla.org version 1.3.2
1493387455740	addons.manager	DEBUG	Registering shutdown blocker for XPIProvider
1493387455740	addons.manager	DEBUG	Provider finished startup: XPIProvider
1493387455740	addons.manager	DEBUG	Starting provider: LightweightThemeManager
1493387455740	addons.manager	DEBUG	Registering shutdown blocker for LightweightThemeManager
1493387455741	addons.manager	DEBUG	Provider finished startup: LightweightThemeManager
1493387455741	addons.manager	DEBUG	Starting provider: GMPProvider
1493387455752	addons.manager	DEBUG	Registering shutdown blocker for GMPProvider
1493387455753	addons.manager	DEBUG	Provider finished startup: GMPProvider
1493387455753	addons.manager	DEBUG	Starting provider: PluginProvider
1493387455753	addons.manager	DEBUG	Registering shutdown blocker for PluginProvider
1493387455753	addons.manager	DEBUG	Provider finished startup: PluginProvider
1493387455754	addons.manager	DEBUG	Completed startup sequence
1493387459004	addons.manager	DEBUG	Starting provider: <unnamed-provider>
1493387459004	addons.manager	DEBUG	Registering shutdown blocker for <unnamed-provider>
1493387459004	addons.manager	DEBUG	Provider finished startup: <unnamed-provider>
1493387462144	DeferredSave.extensions.json	DEBUG	Write succeeded
1493387462145	addons.xpi-utils	DEBUG	XPI Database saved, setting schema version preference to 17
1493387462145	DeferredSave.extensions.json	DEBUG	Starting timer
1493387462166	addons.repository	DEBUG	No addons.json found.
1493387462207	DeferredSave.addons.json	DEBUG	Save changes
1493387462269	DeferredSave.addons.json	DEBUG	Starting timer
1493387462614	addons.manager	DEBUG	Starting provider: PreviousExperimentProvider
1493387462614	addons.manager	DEBUG	Registering shutdown blocker for PreviousExperimentProvider
1493387462614	addons.manager	DEBUG	Provider finished startup: PreviousExperimentProvider
1493387462617	DeferredSave.extensions.json	DEBUG	Starting write
1493387462660	DeferredSave.addons.json	DEBUG	Starting write
1493387463229	DeferredSave.extensions.json	DEBUG	Write succeeded
1493387463910	DeferredSave.addons.json	DEBUG	Write succeeded

Build info: version: '2.53.0', revision: '35ae25b1534ae328c771e0856c93e187490ca824', time: '2016-03-15 10:43:46'
System info: host: 'Venkat', ip: '192.168.206.1', os.name: 'Windows 7', os.arch: 'amd64', os.version: '6.1', java.version: '1.8.0_101'
Driver info: driver.version: FirefoxDriver]]>
            </message>
            <full-stacktrace>
              <![CDATA[org.openqa.selenium.WebDriverException: Failed to connect to binary FirefoxBinary(C:\Program Files\Mozilla Firefox\firefox.exe) on port 7055; process output follows: 
assic/1.0","updateURL":null,"updateKey":null,"optionsURL":null,"optionsType":null,"aboutURL":null,"icons":{"32":"icon.png","48":"icon.png"},"iconURL":null,"icon64URL":null,"defaultLocale":{"name":"Default","description":"The default theme.","creator":"Mozilla","homepageURL":null,"contributors":["Mozilla Contributors"]},"visible":true,"active":true,"userDisabled":false,"appDisabled":false,"descriptor":"C:\\Program Files\\Mozilla Firefox\\browser\\extensions\\{972ce4c6-7e08-4474-a285-3208198ce6fd}.xpi","installDate":1465086452000,"updateDate":1465086452000,"applyBackgroundUpdates":1,"skinnable":true,"size":22006,"sourceURI":null,"releaseNotesURI":null,"softDisabled":false,"foreignInstall":false,"hasBinaryComponents":false,"strictCompatibility":true,"locales":[],"targetApplications":[{"id":"{ec8030f7-c20a-464f-9b0e-13a3a9e97384}","minVersion":"47.0","maxVersion":"47.0"}],"targetPlatforms":[],"seen":true}
1493387455703	addons.xpi	DEBUG	getModTime: Recursive scan of {972ce4c6-7e08-4474-a285-3208198ce6fd}
1493387455704	DeferredSave.extensions.json	DEBUG	Save changes
1493387455704	addons.xpi	DEBUG	Updating database with changes to installed add-ons
1493387455704	addons.xpi-utils	DEBUG	Updating add-on states
1493387455705	addons.xpi-utils	DEBUG	Writing add-ons list
1493387455709	addons.xpi	DEBUG	Registering manifest for C:\Program Files\Mozilla Firefox\browser\features\e10srollout@mozilla.org.xpi
1493387455710	addons.xpi	DEBUG	Calling bootstrap method startup on e10srollout@mozilla.org version 1.0
1493387455710	addons.xpi	DEBUG	Registering manifest for C:\Program Files\Mozilla Firefox\browser\features\firefox@getpocket.com.xpi
1493387455711	addons.xpi	DEBUG	Calling bootstrap method startup on firefox@getpocket.com version 1.0.2
1493387455712	addons.xpi	DEBUG	Registering manifest for C:\Program Files\Mozilla Firefox\browser\features\loop@mozilla.org.xpi
1493387455713	addons.xpi	DEBUG	Calling bootstrap method startup on loop@mozilla.org version 1.3.2
1493387455740	addons.manager	DEBUG	Registering shutdown blocker for XPIProvider
1493387455740	addons.manager	DEBUG	Provider finished startup: XPIProvider
1493387455740	addons.manager	DEBUG	Starting provider: LightweightThemeManager
1493387455740	addons.manager	DEBUG	Registering shutdown blocker for LightweightThemeManager
1493387455741	addons.manager	DEBUG	Provider finished startup: LightweightThemeManager
1493387455741	addons.manager	DEBUG	Starting provider: GMPProvider
1493387455752	addons.manager	DEBUG	Registering shutdown blocker for GMPProvider
1493387455753	addons.manager	DEBUG	Provider finished startup: GMPProvider
1493387455753	addons.manager	DEBUG	Starting provider: PluginProvider
1493387455753	addons.manager	DEBUG	Registering shutdown blocker for PluginProvider
1493387455753	addons.manager	DEBUG	Provider finished startup: PluginProvider
1493387455754	addons.manager	DEBUG	Completed startup sequence
1493387459004	addons.manager	DEBUG	Starting provider: <unnamed-provider>
1493387459004	addons.manager	DEBUG	Registering shutdown blocker for <unnamed-provider>
1493387459004	addons.manager	DEBUG	Provider finished startup: <unnamed-provider>
1493387462144	DeferredSave.extensions.json	DEBUG	Write succeeded
1493387462145	addons.xpi-utils	DEBUG	XPI Database saved, setting schema version preference to 17
1493387462145	DeferredSave.extensions.json	DEBUG	Starting timer
1493387462166	addons.repository	DEBUG	No addons.json found.
1493387462207	DeferredSave.addons.json	DEBUG	Save changes
1493387462269	DeferredSave.addons.json	DEBUG	Starting timer
1493387462614	addons.manager	DEBUG	Starting provider: PreviousExperimentProvider
1493387462614	addons.manager	DEBUG	Registering shutdown blocker for PreviousExperimentProvider
1493387462614	addons.manager	DEBUG	Provider finished startup: PreviousExperimentProvider
1493387462617	DeferredSave.extensions.json	DEBUG	Starting write
1493387462660	DeferredSave.addons.json	DEBUG	Starting write
1493387463229	DeferredSave.extensions.json	DEBUG	Write succeeded
1493387463910	DeferredSave.addons.json	DEBUG	Write succeeded

Build info: version: '2.53.0', revision: '35ae25b1534ae328c771e0856c93e187490ca824', time: '2016-03-15 10:43:46'
System info: host: 'Venkat', ip: '192.168.206.1', os.name: 'Windows 7', os.arch: 'amd64', os.version: '6.1', java.version: '1.8.0_101'
Driver info: driver.version: FirefoxDriver
	at org.openqa.selenium.firefox.internal.NewProfileExtensionConnection.start(NewProfileExtensionConnection.java:125)
	at org.openqa.selenium.firefox.FirefoxDriver.startClient(FirefoxDriver.java:271)
	at org.openqa.selenium.remote.RemoteWebDriver.<init>(RemoteWebDriver.java:119)
	at org.openqa.selenium.firefox.FirefoxDriver.<init>(FirefoxDriver.java:216)
	at org.openqa.selenium.firefox.FirefoxDriver.<init>(FirefoxDriver.java:211)
	at org.openqa.selenium.firefox.FirefoxDriver.<init>(FirefoxDriver.java:207)
	at org.openqa.selenium.firefox.FirefoxDriver.<init>(FirefoxDriver.java:120)
	at com.qtpselenium.facebook.pom.testcases.base.BaseTest.init(BaseTest.java:40)
	at com.qtpselenium.facebook.pom.testcases.LoginTest.doLogin(LoginTest.java:34)
	at sun.reflect.NativeMethodAccessorImpl.invoke0(Native Method)
	at sun.reflect.NativeMethodAccessorImpl.invoke(NativeMethodAccessorImpl.java:62)
	at sun.reflect.DelegatingMethodAccessorImpl.invoke(DelegatingMethodAccessorImpl.java:43)
	at java.lang.reflect.Method.invoke(Method.java:498)
	at org.testng.internal.MethodInvocationHelper.invokeMethod(MethodInvocationHelper.java:85)
	at org.testng.internal.Invoker.invokeMethod(Invoker.java:639)
	at org.testng.internal.Invoker.invokeTestMethod(Invoker.java:821)
	at org.testng.internal.Invoker.invokeTestMethods(Invoker.java:1131)
	at org.testng.internal.TestMethodWorker.invokeTestMethods(TestMethodWorker.java:124)
	at org.testng.internal.TestMethodWorker.run(TestMethodWorker.java:108)
	at org.testng.TestRunner.privateRun(TestRunner.java:773)
	at org.testng.TestRunner.run(TestRunner.java:623)
	at org.testng.SuiteRunner.runTest(SuiteRunner.java:357)
	at org.testng.SuiteRunner.runSequentially(SuiteRunner.java:352)
	at org.testng.SuiteRunner.privateRun(SuiteRunner.java:310)
	at org.testng.SuiteRunner.run(SuiteRunner.java:259)
	at org.testng.SuiteRunnerWorker.runSuite(SuiteRunnerWorker.java:52)
	at org.testng.SuiteRunnerWorker.run(SuiteRunnerWorker.java:86)
	at org.testng.TestNG.runSuitesSequentially(TestNG.java:1185)
	at org.testng.TestNG.runSuitesLocally(TestNG.java:1110)
	at org.testng.TestNG.run(TestNG.java:1018)
	at org.testng.remote.AbstractRemoteTestNG.run(AbstractRemoteTestNG.java:132)
	at org.testng.remote.RemoteTestNG.initAndRun(RemoteTestNG.java:230)
	at org.testng.remote.RemoteTestNG.main(RemoteTestNG.java:76)
Caused by: org.openqa.selenium.firefox.NotConnectedException: Unable to connect to host 127.0.0.1 on port 7055 after 45000 ms. Firefox console output:
assic/1.0","updateURL":null,"updateKey":null,"optionsURL":null,"optionsType":null,"aboutURL":null,"icons":{"32":"icon.png","48":"icon.png"},"iconURL":null,"icon64URL":null,"defaultLocale":{"name":"Default","description":"The default theme.","creator":"Mozilla","homepageURL":null,"contributors":["Mozilla Contributors"]},"visible":true,"active":true,"userDisabled":false,"appDisabled":false,"descriptor":"C:\\Program Files\\Mozilla Firefox\\browser\\extensions\\{972ce4c6-7e08-4474-a285-3208198ce6fd}.xpi","installDate":1465086452000,"updateDate":1465086452000,"applyBackgroundUpdates":1,"skinnable":true,"size":22006,"sourceURI":null,"releaseNotesURI":null,"softDisabled":false,"foreignInstall":false,"hasBinaryComponents":false,"strictCompatibility":true,"locales":[],"targetApplications":[{"id":"{ec8030f7-c20a-464f-9b0e-13a3a9e97384}","minVersion":"47.0","maxVersion":"47.0"}],"targetPlatforms":[],"seen":true}
1493387455703	addons.xpi	DEBUG	getModTime: Recursive scan of {972ce4c6-7e08-4474-a285-3208198ce6fd}
1493387455704	DeferredSave.extensions.json	DEBUG	Save changes
1493387455704	addons.xpi	DEBUG	Updating database with changes to installed add-ons
1493387455704	addons.xpi-utils	DEBUG	Updating add-on states
1493387455705	addons.xpi-utils	DEBUG	Writing add-ons list
1493387455709	addons.xpi	DEBUG	Registering manifest for C:\Program Files\Mozilla Firefox\browser\features\e10srollout@mozilla.org.xpi
1493387455710	addons.xpi	DEBUG	Calling bootstrap method startup on e10srollout@mozilla.org version 1.0
1493387455710	addons.xpi	DEBUG	Registering manifest for C:\Program Files\Mozilla Firefox\browser\features\firefox@getpocket.com.xpi
1493387455711	addons.xpi	DEBUG	Calling bootstrap method startup on firefox@getpocket.com version 1.0.2
1493387455712	addons.xpi	DEBUG	Registering manifest for C:\Program Files\Mozilla Firefox\browser\features\loop@mozilla.org.xpi
1493387455713	addons.xpi	DEBUG	Calling bootstrap method startup on loop@mozilla.org version 1.3.2
1493387455740	addons.manager	DEBUG	Registering shutdown blocker for XPIProvider
1493387455740	addons.manager	DEBUG	Provider finished startup: XPIProvider
1493387455740	addons.manager	DEBUG	Starting provider: LightweightThemeManager
1493387455740	addons.manager	DEBUG	Registering shutdown blocker for LightweightThemeManager
1493387455741	addons.manager	DEBUG	Provider finished startup: LightweightThemeManager
1493387455741	addons.manager	DEBUG	Starting provider: GMPProvider
1493387455752	addons.manager	DEBUG	Registering shutdown blocker for GMPProvider
1493387455753	addons.manager	DEBUG	Provider finished startup: GMPProvider
1493387455753	addons.manager	DEBUG	Starting provider: PluginProvider
1493387455753	addons.manager	DEBUG	Registering shutdown blocker for PluginProvider
1493387455753	addons.manager	DEBUG	Provider finished startup: PluginProvider
1493387455754	addons.manager	DEBUG	Completed startup sequence
1493387459004	addons.manager	DEBUG	Starting provider: <unnamed-provider>
1493387459004	addons.manager	DEBUG	Registering shutdown blocker for <unnamed-provider>
1493387459004	addons.manager	DEBUG	Provider finished startup: <unnamed-provider>
1493387462144	DeferredSave.extensions.json	DEBUG	Write succeeded
1493387462145	addons.xpi-utils	DEBUG	XPI Database saved, setting schema version preference to 17
1493387462145	DeferredSave.extensions.json	DEBUG	Starting timer
1493387462166	addons.repository	DEBUG	No addons.json found.
1493387462207	DeferredSave.addons.json	DEBUG	Save changes
1493387462269	DeferredSave.addons.json	DEBUG	Starting timer
1493387462614	addons.manager	DEBUG	Starting provider: PreviousExperimentProvider
1493387462614	addons.manager	DEBUG	Registering shutdown blocker for PreviousExperimentProvider
1493387462614	addons.manager	DEBUG	Provider finished startup: PreviousExperimentProvider
1493387462617	DeferredSave.extensions.json	DEBUG	Starting write
1493387462660	DeferredSave.addons.json	DEBUG	Starting write
1493387463229	DeferredSave.extensions.json	DEBUG	Write succeeded
1493387463910	DeferredSave.addons.json	DEBUG	Write succeeded

	at org.openqa.selenium.firefox.internal.NewProfileExtensionConnection.start(NewProfileExtensionConnection.java:113)
	... 32 more
]]>
            </full-stacktrace>
          </exception> <!-- org.openqa.selenium.WebDriverException -->
          <reporter-output>
          </reporter-output>
        </test-method> <!-- doLogin -->
        <test-method status="PASS" signature="quit()[pri:0, instance:com.qtpselenium.facebook.pom.testcases.LoginTest@4f2b503c]" name="quit" is-config="true" duration-ms="107" started-at="2017-04-28T19:21:37Z" finished-at="2017-04-28T19:21:37Z">
          <reporter-output>
          </reporter-output>
        </test-method> <!-- quit -->
      </class> <!-- com.qtpselenium.facebook.pom.testcases.LoginTest -->
    </test> <!-- Default test -->
  </suite> <!-- Default suite -->
</testng-results>
