<html>
<head>
<title>TestNG:  Default test</title>
<link href="../testng.css" rel="stylesheet" type="text/css" />
<link href="../my-testng.css" rel="stylesheet" type="text/css" />

<style type="text/css">
.log { display: none;} 
.stack-trace { display: none;} 
</style>
<script type="text/javascript">
<!--
function flip(e) {
  current = e.style.display;
  if (current == 'block') {
    e.style.display = 'none';
    return 0;
  }
  else {
    e.style.display = 'block';
    return 1;
  }
}

function toggleBox(szDivId, elem, msg1, msg2)
{
  var res = -1;  if (document.getElementById) {
    res = flip(document.getElementById(szDivId));
  }
  else if (document.all) {
    // this is the way old msie versions work
    res = flip(document.all[szDivId]);
  }
  if(elem) {
    if(res == 0) elem.innerHTML = msg1; else elem.innerHTML = msg2;
  }

}

function toggleAllBoxes() {
  if (document.getElementsByTagName) {
    d = document.getElementsByTagName('div');
    for (i = 0; i < d.length; i++) {
      if (d[i].className == 'log') {
        flip(d[i]);
      }
    }
  }
}

// -->
</script>

</head>
<body>
<h2 align='center'>Default test</h2><table border='1' align="center">
<tr>
<td>Tests passed/Failed/Skipped:</td><td>0/2/0</td>
</tr><tr>
<td>Started on:</td><td>Fri Apr 28 19:20:03 IST 2017</td>
</tr>
<tr><td>Total time:</td><td>93 seconds (93335 ms)</td>
</tr><tr>
<td>Included groups:</td><td></td>
</tr><tr>
<td>Excluded groups:</td><td></td>
</tr>
</table><p/>
<small><i>(Hover the method name to see the test class name)</i></small><p/>
<table width='100%' border='1' class='invocation-failed'>
<tr><td colspan='4' align='center'><b>FAILED TESTS</b></td></tr>
<tr><td><b>Test method</b></td>
<td width="30%"><b>Exception</b></td>
<td width="10%"><b>Time (seconds)</b></td>
<td><b>Instance</b></td>
</tr>
<tr>
<td title='com.qtpselenium.facebook.pom.testcases.LoginTest.doLogin()'><b>doLogin</b><br>Test class: com.qtpselenium.facebook.pom.testcases.LoginTest<br>Parameters: {Username=seleniumtesting, ExpectedResult=Success, Password=password1, Runmode=Y, Browser=Chrome}</td>
<td><div><pre>java.lang.AssertionError: failure message
	at org.junit.Assert.fail(Assert.java:91)
	at com.qtpselenium.facebook.pom.testcases.base.BaseTest.reportFailure(BaseTest.java:78)
	at com.qtpselenium.facebook.pom.testcases.LoginTest.doLogin(LoginTest.java:52)
	at sun.reflect.NativeMethodAccessorImpl.invoke0(Native Method)
	at sun.reflect.NativeMethodAccessorImpl.invoke(NativeMethodAccessorImpl.java:62)
	at sun.reflect.DelegatingMethodAccessorImpl.invoke(DelegatingMethodAccessorImpl.java:43)
	at java.lang.reflect.Method.invoke(Method.java:498)
	at org.testng.internal.MethodInvocationHelper.invokeMethod(MethodInvocationHelper.java:85)
	at org.testng.internal.Invoker.invokeMethod(Invoker.java:639)
	at org.testng.internal.Invoker.invokeTestMethod(Invoker.java:821)
	at org.testng.internal.Invoker.invokeTestMethods(Invoker.java:1131)
	at org.testng.internal.TestMethodWorker.invokeTestMethods(TestMethodWorker.java:124)
	at org.testng.internal.TestMethodWorker.run(TestMethodWorker.java:108)
	at org.testng.TestRunner.privateRun(TestRunner.java:773)
	at org.testng.TestRunner.run(TestRunner.java:623)
	at org.testng.SuiteRunner.runTest(SuiteRunner.java:357)
	at org.testng.SuiteRunner.runSequentially(SuiteRunner.java:352)
	at org.testng.SuiteRunner.privateRun(SuiteRunner.java:310)
	at org.testng.SuiteRunner.run(SuiteRunner.java:259)
	at org.testng.SuiteRunnerWorker.runSuite(SuiteRunnerWorker.java:52)
	at org.testng.SuiteRunnerWorker.run(SuiteRunnerWorker.java:86)
	at org.testng.TestNG.runSuitesSequentially(TestNG.java:1185)
	at org.testng.TestNG.runSuitesLocally(TestNG.java:1110)
	at org.testng.TestNG.run(TestNG.java:1018)
	at org.testng.remote.AbstractRemoteTestNG.run(AbstractRemoteTestNG.java:132)
	at org.testng.remote.RemoteTestNG.initAndRun(RemoteTestNG.java:230)
	at org.testng.remote.RemoteTestNG.main(RemoteTestNG.java:76)
</pre></div><a href='#' onClick='toggleBox("stack-trace1057468716", this, "Click to show all stack frames", "Click to hide stack frames")'>Click to show all stack frames</a>
<div class='stack-trace' id='stack-trace1057468716'><pre>java.lang.AssertionError: failure message
	at org.junit.Assert.fail(Assert.java:91)
	at com.qtpselenium.facebook.pom.testcases.base.BaseTest.reportFailure(BaseTest.java:78)
	at com.qtpselenium.facebook.pom.testcases.LoginTest.doLogin(LoginTest.java:52)
	at sun.reflect.NativeMethodAccessorImpl.invoke0(Native Method)
	at sun.reflect.NativeMethodAccessorImpl.invoke(NativeMethodAccessorImpl.java:62)
	at sun.reflect.DelegatingMethodAccessorImpl.invoke(DelegatingMethodAccessorImpl.java:43)
	at java.lang.reflect.Method.invoke(Method.java:498)
	at org.testng.internal.MethodInvocationHelper.invokeMethod(MethodInvocationHelper.java:85)
	at org.testng.internal.Invoker.invokeMethod(Invoker.java:639)
	at org.testng.internal.Invoker.invokeTestMethod(Invoker.java:821)
	at org.testng.internal.Invoker.invokeTestMethods(Invoker.java:1131)
	at org.testng.internal.TestMethodWorker.invokeTestMethods(TestMethodWorker.java:124)
	at org.testng.internal.TestMethodWorker.run(TestMethodWorker.java:108)
	at org.testng.TestRunner.privateRun(TestRunner.java:773)
	at org.testng.TestRunner.run(TestRunner.java:623)
	at org.testng.SuiteRunner.runTest(SuiteRunner.java:357)
	at org.testng.SuiteRunner.runSequentially(SuiteRunner.java:352)
	at org.testng.SuiteRunner.privateRun(SuiteRunner.java:310)
	at org.testng.SuiteRunner.run(SuiteRunner.java:259)
	at org.testng.SuiteRunnerWorker.runSuite(SuiteRunnerWorker.java:52)
	at org.testng.SuiteRunnerWorker.run(SuiteRunnerWorker.java:86)
	at org.testng.TestNG.runSuitesSequentially(TestNG.java:1185)
	at org.testng.TestNG.runSuitesLocally(TestNG.java:1110)
	at org.testng.TestNG.run(TestNG.java:1018)
	at org.testng.remote.AbstractRemoteTestNG.run(AbstractRemoteTestNG.java:132)
	at org.testng.remote.RemoteTestNG.initAndRun(RemoteTestNG.java:230)
	at org.testng.remote.RemoteTestNG.main(RemoteTestNG.java:76)
</pre></div></td>
<td>43</td>
<td>com.qtpselenium.facebook.pom.testcases.LoginTest@4f2b503c</td></tr>
<tr>
<td title='com.qtpselenium.facebook.pom.testcases.LoginTest.doLogin()'><b>doLogin</b><br>Test class: com.qtpselenium.facebook.pom.testcases.LoginTest<br>Parameters: {Username=seleniumtesting, ExpectedResult=Success, Password=password1, Runmode=Y, Browser=Mozilla}</td>
<td><div><pre>org.openqa.selenium.WebDriverException: Failed to connect to binary FirefoxBinary(C:\Program Files\Mozilla Firefox\firefox.exe) on port 7055; process output follows: 
assic/1.0&quot;,&quot;updateURL&quot;:null,&quot;updateKey&quot;:null,&quot;optionsURL&quot;:null,&quot;optionsType&quot;:null,&quot;aboutURL&quot;:null,&quot;icons&quot;:{&quot;32&quot;:&quot;icon.png&quot;,&quot;48&quot;:&quot;icon.png&quot;},&quot;iconURL&quot;:null,&quot;icon64URL&quot;:null,&quot;defaultLocale&quot;:{&quot;name&quot;:&quot;Default&quot;,&quot;description&quot;:&quot;The default theme.&quot;,&quot;creator&quot;:&quot;Mozilla&quot;,&quot;homepageURL&quot;:null,&quot;contributors&quot;:[&quot;Mozilla Contributors&quot;]},&quot;visible&quot;:true,&quot;active&quot;:true,&quot;userDisabled&quot;:false,&quot;appDisabled&quot;:false,&quot;descriptor&quot;:&quot;C:\\Program Files\\Mozilla Firefox\\browser\\extensions\\{972ce4c6-7e08-4474-a285-3208198ce6fd}.xpi&quot;,&quot;installDate&quot;:1465086452000,&quot;updateDate&quot;:1465086452000,&quot;applyBackgroundUpdates&quot;:1,&quot;skinnable&quot;:true,&quot;size&quot;:22006,&quot;sourceURI&quot;:null,&quot;releaseNotesURI&quot;:null,&quot;softDisabled&quot;:false,&quot;foreignInstall&quot;:false,&quot;hasBinaryComponents&quot;:false,&quot;strictCompatibility&quot;:true,&quot;locales&quot;:[],&quot;targetApplications&quot;:[{&quot;id&quot;:&quot;{ec8030f7-c20a-464f-9b0e-13a3a9e97384}&quot;,&quot;minVersion&quot;:&quot;47.0&quot;,&quot;maxVersion&quot;:&quot;47.0&quot;}],&quot;targetPlatforms&quot;:[],&quot;seen&quot;:true}
1493387455703	addons.xpi	DEBUG	getModTime: Recursive scan of {972ce4c6-7e08-4474-a285-3208198ce6fd}
1493387455704	DeferredSave.extensions.json	DEBUG	Save changes
1493387455704	addons.xpi	DEBUG	Updating database with changes to installed add-ons
1493387455704	addons.xpi-utils	DEBUG	Updating add-on states
1493387455705	addons.xpi-utils	DEBUG	Writing add-ons list
1493387455709	addons.xpi	DEBUG	Registering manifest for C:\Program Files\Mozilla Firefox\browser\features\e10srollout@mozilla.org.xpi
1493387455710	addons.xpi	DEBUG	Calling bootstrap method startup on e10srollout@mozilla.org version 1.0
1493387455710	addons.xpi	DEBUG	Registering manifest for C:\Program Files\Mozilla Firefox\browser\features\firefox@getpocket.com.xpi
1493387455711	addons.xpi	DEBUG	Calling bootstrap method startup on firefox@getpocket.com version 1.0.2
1493387455712	addons.xpi	DEBUG	Registering manifest for C:\Program Files\Mozilla Firefox\browser\features\loop@mozilla.org.xpi
1493387455713	addons.xpi	DEBUG	Calling bootstrap method startup on loop@mozilla.org version 1.3.2
1493387455740	addons.manager	DEBUG	Registering shutdown blocker for XPIProvider
1493387455740	addons.manager	DEBUG	Provider finished startup: XPIProvider
1493387455740	addons.manager	DEBUG	Starting provider: LightweightThemeManager
1493387455740	addons.manager	DEBUG	Registering shutdown blocker for LightweightThemeManager
1493387455741	addons.manager	DEBUG	Provider finished startup: LightweightThemeManager
1493387455741	addons.manager	DEBUG	Starting provider: GMPProvider
1493387455752	addons.manager	DEBUG	Registering shutdown blocker for GMPProvider
1493387455753	addons.manager	DEBUG	Provider finished startup: GMPProvider
1493387455753	addons.manager	DEBUG	Starting provider: PluginProvider
1493387455753	addons.manager	DEBUG	Registering shutdown blocker for PluginProvider
1493387455753	addons.manager	DEBUG	Provider finished startup: PluginProvider
1493387455754	addons.manager	DEBUG	Completed startup sequence
1493387459004	addons.manager	DEBUG	Starting provider: &lt;unnamed-provider&gt;
1493387459004	addons.manager	DEBUG	Registering shutdown blocker for &lt;unnamed-provider&gt;
1493387459004	addons.manager	DEBUG	Provider finished startup: &lt;unnamed-provider&gt;
1493387462144	DeferredSave.extensions.json	DEBUG	Write succeeded
1493387462145	addons.xpi-utils	DEBUG	XPI Database saved, setting schema version preference to 17
1493387462145	DeferredSave.extensions.json	DEBUG	Starting timer
1493387462166	addons.repository	DEBUG	No addons.json found.
1493387462207	DeferredSave.addons.json	DEBUG	Save changes
1493387462269	DeferredSave.addons.json	DEBUG	Starting timer
1493387462614	addons.manager	DEBUG	Starting provider: PreviousExperimentProvider
1493387462614	addons.manager	DEBUG	Registering shutdown blocker for PreviousExperimentProvider
1493387462614	addons.manager	DEBUG	Provider finished startup: PreviousExperimentProvider
1493387462617	DeferredSave.extensions.json	DEBUG	Starting write
1493387462660	DeferredSave.addons.json	DEBUG	Starting write
1493387463229	DeferredSave.extensions.json	DEBUG	Write succeeded
1493387463910	DeferredSave.addons.json	DEBUG	Write succeeded

Build info: version: &apos;2.53.0&apos;, revision: &apos;35ae25b1534ae328c771e0856c93e187490ca824&apos;, time: &apos;2016-03-15 10:43:46&apos;
System info: host: &apos;Venkat&apos;, ip: &apos;192.168.206.1&apos;, os.name: &apos;Windows 7&apos;, os.arch: &apos;amd64&apos;, os.version: &apos;6.1&apos;, java.version: &apos;1.8.0_101&apos;
Driver info: driver.version: FirefoxDriver
	at org.openqa.selenium.firefox.internal.NewProfileExtensionConnection.start(NewProfileExtensionConnection.java:125)
	at org.openqa.selenium.firefox.FirefoxDriver.startClient(FirefoxDriver.java:271)
	at org.openqa.selenium.remote.RemoteWebDriver.&lt;init&gt;(RemoteWebDriver.java:119)
	at org.openqa.selenium.firefox.FirefoxDriver.&lt;init&gt;(FirefoxDriver.java:216)
	at org.openqa.selenium.firefox.FirefoxDriver.&lt;init&gt;(FirefoxDriver.java:211)
	at org.openqa.selenium.firefox.FirefoxDriver.&lt;init&gt;(FirefoxDriver.java:207)
	at org.openqa.selenium.firefox.FirefoxDriver.&lt;init&gt;(FirefoxDriver.java:120)
	at com.qtpselenium.facebook.pom.testcases.base.BaseTest.init(BaseTest.java:40)
	at com.qtpselenium.facebook.pom.testcases.LoginTest.doLogin(LoginTest.java:34)
	at sun.reflect.NativeMethodAccessorImpl.invoke0(Native Method)
	at sun.reflect.NativeMethodAccessorImpl.invoke(NativeMethodAccessorImpl.java:62)
	at sun.reflect.DelegatingMethodAccessorImpl.invoke(DelegatingMethodAccessorImpl.java:43)
	at java.lang.reflect.Method.invoke(Method.java:498)
	at org.testng.internal.MethodInvocationHelper.invokeMethod(MethodInvocationHelper.java:85)
	at org.testng.internal.Invoker.invokeMethod(Invoker.java:639)
	at org.testng.internal.Invoker.invokeTestMethod(Invoker.java:821)
	at org.testng.internal.Invoker.invokeTestMethods(Invoker.java:1131)
	at org.testng.internal.TestMethodWorker.invokeTestMethods(TestMethodWorker.java:124)
	at org.testng.internal.TestMethodWorker.run(TestMethodWorker.java:108)
	at org.testng.TestRunner.privateRun(TestRunner.java:773)
	at org.testng.TestRunner.run(TestRunner.java:623)
	at org.testng.SuiteRunner.runTest(SuiteRunner.java:357)
	at org.testng.SuiteRunner.runSequentially(SuiteRunner.java:352)
	at org.testng.SuiteRunner.privateRun(SuiteRunner.java:310)
	at org.testng.SuiteRunner.run(SuiteRunner.java:259)
	at org.testng.SuiteRunnerWorker.runSuite(SuiteRunnerWorker.java:52)
	at org.testng.SuiteRunnerWorker.run(SuiteRunnerWorker.java:86)
	at org.testng.TestNG.runSuitesSequentially(TestNG.java:1185)
	at org.testng.TestNG.runSuitesLocally(TestNG.java:1110)
	at org.testng.TestNG.run(TestNG.java:1018)
	at org.testng.remote.AbstractRemoteTestNG.run(AbstractRemoteTestNG.java:132)
	at org.testng.remote.RemoteTestNG.initAndRun(RemoteTestNG.java:230)
	at org.testng.remote.RemoteTestNG.main(RemoteTestNG.java:76)
Caused by: org.openqa.selenium.firefox.NotConnectedException: Unable to connect to host 127.0.0.1 on port 7055 after 45000 ms. Firefox console output:
assic/1.0&quot;,&quot;updateURL&quot;:null,&quot;updateKey&quot;:null,&quot;optionsURL&quot;:null,&quot;optionsType&quot;:null,&quot;aboutURL&quot;:null,&quot;icons&quot;:{&quot;32&quot;:&quot;icon.png&quot;,&quot;48&quot;:&quot;icon.png&quot;},&quot;iconURL&quot;:null,&quot;icon64URL&quot;:null,&quot;defaultLocale&quot;:{&quot;name&quot;:&quot;Default&quot;,&quot;description&quot;:&quot;The default theme.&quot;,&quot;creator&quot;:&quot;Mozilla&quot;,&quot;homepageURL&quot;:null,&quot;contributors&quot;:[&quot;Mozilla Contributors&quot;]},&quot;visible&quot;:true,&quot;active&quot;:true,&quot;userDisabled&quot;:false,&quot;appDisabled&quot;:false,&quot;descriptor&quot;:&quot;C:\\Program Files\\Mozilla Firefox\\browser\\extensions\\{972ce4c6-7e08-4474-a285-3208198ce6fd}.xpi&quot;,&quot;installDate&quot;:1465086452000,&quot;updateDate&quot;:1465086452000,&quot;applyBackgroundUpdates&quot;:1,&quot;skinnable&quot;:true,&quot;size&quot;:22006,&quot;sourceURI&quot;:null,&quot;releaseNotesURI&quot;:null,&quot;softDisabled&quot;:false,&quot;foreignInstall&quot;:false,&quot;hasBinaryComponents&quot;:false,&quot;strictCompatibility&quot;:true,&quot;locales&quot;:[],&quot;targetApplications&quot;:[{&quot;id&quot;:&quot;{ec8030f7-c20a-464f-9b0e-13a3a9e97384}&quot;,&quot;minVersion&quot;:&quot;47.0&quot;,&quot;maxVersion&quot;:&quot;47.0&quot;}],&quot;targetPlatforms&quot;:[],&quot;seen&quot;:true}
1493387455703	addons.xpi	DEBUG	getModTime: Recursive scan of {972ce4c6-7e08-4474-a285-3208198ce6fd}
1493387455704	DeferredSave.extensions.json	DEBUG	Save changes
1493387455704	addons.xpi	DEBUG	Updating database with changes to installed add-ons
1493387455704	addons.xpi-utils	DEBUG	Updating add-on states
1493387455705	addons.xpi-utils	DEBUG	Writing add-ons list
1493387455709	addons.xpi	DEBUG	Registering manifest for C:\Program Files\Mozilla Firefox\browser\features\e10srollout@mozilla.org.xpi
1493387455710	addons.xpi	DEBUG	Calling bootstrap method startup on e10srollout@mozilla.org version 1.0
1493387455710	addons.xpi	DEBUG	Registering manifest for C:\Program Files\Mozilla Firefox\browser\features\firefox@getpocket.com.xpi
1493387455711	addons.xpi	DEBUG	Calling bootstrap method startup on firefox@getpocket.com version 1.0.2
1493387455712	addons.xpi	DEBUG	Registering manifest for C:\Program Files\Mozilla Firefox\browser\features\loop@mozilla.org.xpi
1493387455713	addons.xpi	DEBUG	Calling bootstrap method startup on loop@mozilla.org version 1.3.2
1493387455740	addons.manager	DEBUG	Registering shutdown blocker for XPIProvider
1493387455740	addons.manager	DEBUG	Provider finished startup: XPIProvider
1493387455740	addons.manager	DEBUG	Starting provider: LightweightThemeManager
1493387455740	addons.manager	DEBUG	Registering shutdown blocker for LightweightThemeManager
1493387455741	addons.manager	DEBUG	Provider finished startup: LightweightThemeManager
1493387455741	addons.manager	DEBUG	Starting provider: GMPProvider
1493387455752	addons.manager	DEBUG	Registering shutdown blocker for GMPProvider
1493387455753	addons.manager	DEBUG	Provider finished startup: GMPProvider
1493387455753	addons.manager	DEBUG	Starting provider: PluginProvider
1493387455753	addons.manager	DEBUG	Registering shutdown blocker for PluginProvider
1493387455753	addons.manager	DEBUG	Provider finished startup: PluginProvider
1493387455754	addons.manager	DEBUG	Completed startup sequence
1493387459004	addons.manager	DEBUG	Starting provider: &lt;unnamed-provider&gt;
1493387459004	addons.manager	DEBUG	Registering shutdown blocker for &lt;unnamed-provider&gt;
1493387459004	addons.manager	DEBUG	Provider finished startup: &lt;unnamed-provider&gt;
1493387462144	DeferredSave.extensions.json	DEBUG	Write succeeded
1493387462145	addons.xpi-utils	DEBUG	XPI Database saved, setting schema version preference to 17
1493387462145	DeferredSave.extensions.json	DEBUG	Starting timer
1493387462166	addons.repository	DEBUG	No addons.json found.
1493387462207	DeferredSave.addons.json	DEBUG	Save changes
1493387462269	DeferredSave.addons.json	DEBUG	Starting timer
1493387462614	addons.manager	DEBUG	Starting provider: PreviousExperimentProvider
1493387462614	addons.manager	DEBUG	Registering shutdown blocker for PreviousExperimentProvider
1493387462614	addons.manager	DEBUG	Provider finished startup: PreviousExperimentProvider
1493387462617	DeferredSave.extensions.json	DEBUG	Starting write
1493387462660	DeferredSave.addons.json	DEBUG	Starting write
1493387463229	DeferredSave.extensions.json	DEBUG	Write succeeded
1493387463910	DeferredSave.addons.json	DEBUG	Write succeeded

	at org.openqa.selenium.firefox.internal.NewProfileExtensionConnection.start(NewProfileExtensionConnection.java:113)
	... 32 more
</pre></div><a href='#' onClick='toggleBox("stack-trace1487230025", this, "Click to show all stack frames", "Click to hide stack frames")'>Click to show all stack frames</a>
<div class='stack-trace' id='stack-trace1487230025'><pre>org.openqa.selenium.WebDriverException: Failed to connect to binary FirefoxBinary(C:\Program Files\Mozilla Firefox\firefox.exe) on port 7055; process output follows: 
assic/1.0&quot;,&quot;updateURL&quot;:null,&quot;updateKey&quot;:null,&quot;optionsURL&quot;:null,&quot;optionsType&quot;:null,&quot;aboutURL&quot;:null,&quot;icons&quot;:{&quot;32&quot;:&quot;icon.png&quot;,&quot;48&quot;:&quot;icon.png&quot;},&quot;iconURL&quot;:null,&quot;icon64URL&quot;:null,&quot;defaultLocale&quot;:{&quot;name&quot;:&quot;Default&quot;,&quot;description&quot;:&quot;The default theme.&quot;,&quot;creator&quot;:&quot;Mozilla&quot;,&quot;homepageURL&quot;:null,&quot;contributors&quot;:[&quot;Mozilla Contributors&quot;]},&quot;visible&quot;:true,&quot;active&quot;:true,&quot;userDisabled&quot;:false,&quot;appDisabled&quot;:false,&quot;descriptor&quot;:&quot;C:\\Program Files\\Mozilla Firefox\\browser\\extensions\\{972ce4c6-7e08-4474-a285-3208198ce6fd}.xpi&quot;,&quot;installDate&quot;:1465086452000,&quot;updateDate&quot;:1465086452000,&quot;applyBackgroundUpdates&quot;:1,&quot;skinnable&quot;:true,&quot;size&quot;:22006,&quot;sourceURI&quot;:null,&quot;releaseNotesURI&quot;:null,&quot;softDisabled&quot;:false,&quot;foreignInstall&quot;:false,&quot;hasBinaryComponents&quot;:false,&quot;strictCompatibility&quot;:true,&quot;locales&quot;:[],&quot;targetApplications&quot;:[{&quot;id&quot;:&quot;{ec8030f7-c20a-464f-9b0e-13a3a9e97384}&quot;,&quot;minVersion&quot;:&quot;47.0&quot;,&quot;maxVersion&quot;:&quot;47.0&quot;}],&quot;targetPlatforms&quot;:[],&quot;seen&quot;:true}
1493387455703	addons.xpi	DEBUG	getModTime: Recursive scan of {972ce4c6-7e08-4474-a285-3208198ce6fd}
1493387455704	DeferredSave.extensions.json	DEBUG	Save changes
1493387455704	addons.xpi	DEBUG	Updating database with changes to installed add-ons
1493387455704	addons.xpi-utils	DEBUG	Updating add-on states
1493387455705	addons.xpi-utils	DEBUG	Writing add-ons list
1493387455709	addons.xpi	DEBUG	Registering manifest for C:\Program Files\Mozilla Firefox\browser\features\e10srollout@mozilla.org.xpi
1493387455710	addons.xpi	DEBUG	Calling bootstrap method startup on e10srollout@mozilla.org version 1.0
1493387455710	addons.xpi	DEBUG	Registering manifest for C:\Program Files\Mozilla Firefox\browser\features\firefox@getpocket.com.xpi
1493387455711	addons.xpi	DEBUG	Calling bootstrap method startup on firefox@getpocket.com version 1.0.2
1493387455712	addons.xpi	DEBUG	Registering manifest for C:\Program Files\Mozilla Firefox\browser\features\loop@mozilla.org.xpi
1493387455713	addons.xpi	DEBUG	Calling bootstrap method startup on loop@mozilla.org version 1.3.2
1493387455740	addons.manager	DEBUG	Registering shutdown blocker for XPIProvider
1493387455740	addons.manager	DEBUG	Provider finished startup: XPIProvider
1493387455740	addons.manager	DEBUG	Starting provider: LightweightThemeManager
1493387455740	addons.manager	DEBUG	Registering shutdown blocker for LightweightThemeManager
1493387455741	addons.manager	DEBUG	Provider finished startup: LightweightThemeManager
1493387455741	addons.manager	DEBUG	Starting provider: GMPProvider
1493387455752	addons.manager	DEBUG	Registering shutdown blocker for GMPProvider
1493387455753	addons.manager	DEBUG	Provider finished startup: GMPProvider
1493387455753	addons.manager	DEBUG	Starting provider: PluginProvider
1493387455753	addons.manager	DEBUG	Registering shutdown blocker for PluginProvider
1493387455753	addons.manager	DEBUG	Provider finished startup: PluginProvider
1493387455754	addons.manager	DEBUG	Completed startup sequence
1493387459004	addons.manager	DEBUG	Starting provider: &lt;unnamed-provider&gt;
1493387459004	addons.manager	DEBUG	Registering shutdown blocker for &lt;unnamed-provider&gt;
1493387459004	addons.manager	DEBUG	Provider finished startup: &lt;unnamed-provider&gt;
1493387462144	DeferredSave.extensions.json	DEBUG	Write succeeded
1493387462145	addons.xpi-utils	DEBUG	XPI Database saved, setting schema version preference to 17
1493387462145	DeferredSave.extensions.json	DEBUG	Starting timer
1493387462166	addons.repository	DEBUG	No addons.json found.
1493387462207	DeferredSave.addons.json	DEBUG	Save changes
1493387462269	DeferredSave.addons.json	DEBUG	Starting timer
1493387462614	addons.manager	DEBUG	Starting provider: PreviousExperimentProvider
1493387462614	addons.manager	DEBUG	Registering shutdown blocker for PreviousExperimentProvider
1493387462614	addons.manager	DEBUG	Provider finished startup: PreviousExperimentProvider
1493387462617	DeferredSave.extensions.json	DEBUG	Starting write
1493387462660	DeferredSave.addons.json	DEBUG	Starting write
1493387463229	DeferredSave.extensions.json	DEBUG	Write succeeded
1493387463910	DeferredSave.addons.json	DEBUG	Write succeeded

Build info: version: &apos;2.53.0&apos;, revision: &apos;35ae25b1534ae328c771e0856c93e187490ca824&apos;, time: &apos;2016-03-15 10:43:46&apos;
System info: host: &apos;Venkat&apos;, ip: &apos;192.168.206.1&apos;, os.name: &apos;Windows 7&apos;, os.arch: &apos;amd64&apos;, os.version: &apos;6.1&apos;, java.version: &apos;1.8.0_101&apos;
Driver info: driver.version: FirefoxDriver
	at org.openqa.selenium.firefox.internal.NewProfileExtensionConnection.start(NewProfileExtensionConnection.java:125)
	at org.openqa.selenium.firefox.FirefoxDriver.startClient(FirefoxDriver.java:271)
	at org.openqa.selenium.remote.RemoteWebDriver.&lt;init&gt;(RemoteWebDriver.java:119)
	at org.openqa.selenium.firefox.FirefoxDriver.&lt;init&gt;(FirefoxDriver.java:216)
	at org.openqa.selenium.firefox.FirefoxDriver.&lt;init&gt;(FirefoxDriver.java:211)
	at org.openqa.selenium.firefox.FirefoxDriver.&lt;init&gt;(FirefoxDriver.java:207)
	at org.openqa.selenium.firefox.FirefoxDriver.&lt;init&gt;(FirefoxDriver.java:120)
	at com.qtpselenium.facebook.pom.testcases.base.BaseTest.init(BaseTest.java:40)
	at com.qtpselenium.facebook.pom.testcases.LoginTest.doLogin(LoginTest.java:34)
	at sun.reflect.NativeMethodAccessorImpl.invoke0(Native Method)
	at sun.reflect.NativeMethodAccessorImpl.invoke(NativeMethodAccessorImpl.java:62)
	at sun.reflect.DelegatingMethodAccessorImpl.invoke(DelegatingMethodAccessorImpl.java:43)
	at java.lang.reflect.Method.invoke(Method.java:498)
	at org.testng.internal.MethodInvocationHelper.invokeMethod(MethodInvocationHelper.java:85)
	at org.testng.internal.Invoker.invokeMethod(Invoker.java:639)
	at org.testng.internal.Invoker.invokeTestMethod(Invoker.java:821)
	at org.testng.internal.Invoker.invokeTestMethods(Invoker.java:1131)
	at org.testng.internal.TestMethodWorker.invokeTestMethods(TestMethodWorker.java:124)
	at org.testng.internal.TestMethodWorker.run(TestMethodWorker.java:108)
	at org.testng.TestRunner.privateRun(TestRunner.java:773)
	at org.testng.TestRunner.run(TestRunner.java:623)
	at org.testng.SuiteRunner.runTest(SuiteRunner.java:357)
	at org.testng.SuiteRunner.runSequentially(SuiteRunner.java:352)
	at org.testng.SuiteRunner.privateRun(SuiteRunner.java:310)
	at org.testng.SuiteRunner.run(SuiteRunner.java:259)
	at org.testng.SuiteRunnerWorker.runSuite(SuiteRunnerWorker.java:52)
	at org.testng.SuiteRunnerWorker.run(SuiteRunnerWorker.java:86)
	at org.testng.TestNG.runSuitesSequentially(TestNG.java:1185)
	at org.testng.TestNG.runSuitesLocally(TestNG.java:1110)
	at org.testng.TestNG.run(TestNG.java:1018)
	at org.testng.remote.AbstractRemoteTestNG.run(AbstractRemoteTestNG.java:132)
	at org.testng.remote.RemoteTestNG.initAndRun(RemoteTestNG.java:230)
	at org.testng.remote.RemoteTestNG.main(RemoteTestNG.java:76)
Caused by: org.openqa.selenium.firefox.NotConnectedException: Unable to connect to host 127.0.0.1 on port 7055 after 45000 ms. Firefox console output:
assic/1.0&quot;,&quot;updateURL&quot;:null,&quot;updateKey&quot;:null,&quot;optionsURL&quot;:null,&quot;optionsType&quot;:null,&quot;aboutURL&quot;:null,&quot;icons&quot;:{&quot;32&quot;:&quot;icon.png&quot;,&quot;48&quot;:&quot;icon.png&quot;},&quot;iconURL&quot;:null,&quot;icon64URL&quot;:null,&quot;defaultLocale&quot;:{&quot;name&quot;:&quot;Default&quot;,&quot;description&quot;:&quot;The default theme.&quot;,&quot;creator&quot;:&quot;Mozilla&quot;,&quot;homepageURL&quot;:null,&quot;contributors&quot;:[&quot;Mozilla Contributors&quot;]},&quot;visible&quot;:true,&quot;active&quot;:true,&quot;userDisabled&quot;:false,&quot;appDisabled&quot;:false,&quot;descriptor&quot;:&quot;C:\\Program Files\\Mozilla Firefox\\browser\\extensions\\{972ce4c6-7e08-4474-a285-3208198ce6fd}.xpi&quot;,&quot;installDate&quot;:1465086452000,&quot;updateDate&quot;:1465086452000,&quot;applyBackgroundUpdates&quot;:1,&quot;skinnable&quot;:true,&quot;size&quot;:22006,&quot;sourceURI&quot;:null,&quot;releaseNotesURI&quot;:null,&quot;softDisabled&quot;:false,&quot;foreignInstall&quot;:false,&quot;hasBinaryComponents&quot;:false,&quot;strictCompatibility&quot;:true,&quot;locales&quot;:[],&quot;targetApplications&quot;:[{&quot;id&quot;:&quot;{ec8030f7-c20a-464f-9b0e-13a3a9e97384}&quot;,&quot;minVersion&quot;:&quot;47.0&quot;,&quot;maxVersion&quot;:&quot;47.0&quot;}],&quot;targetPlatforms&quot;:[],&quot;seen&quot;:true}
1493387455703	addons.xpi	DEBUG	getModTime: Recursive scan of {972ce4c6-7e08-4474-a285-3208198ce6fd}
1493387455704	DeferredSave.extensions.json	DEBUG	Save changes
1493387455704	addons.xpi	DEBUG	Updating database with changes to installed add-ons
1493387455704	addons.xpi-utils	DEBUG	Updating add-on states
1493387455705	addons.xpi-utils	DEBUG	Writing add-ons list
1493387455709	addons.xpi	DEBUG	Registering manifest for C:\Program Files\Mozilla Firefox\browser\features\e10srollout@mozilla.org.xpi
1493387455710	addons.xpi	DEBUG	Calling bootstrap method startup on e10srollout@mozilla.org version 1.0
1493387455710	addons.xpi	DEBUG	Registering manifest for C:\Program Files\Mozilla Firefox\browser\features\firefox@getpocket.com.xpi
1493387455711	addons.xpi	DEBUG	Calling bootstrap method startup on firefox@getpocket.com version 1.0.2
1493387455712	addons.xpi	DEBUG	Registering manifest for C:\Program Files\Mozilla Firefox\browser\features\loop@mozilla.org.xpi
1493387455713	addons.xpi	DEBUG	Calling bootstrap method startup on loop@mozilla.org version 1.3.2
1493387455740	addons.manager	DEBUG	Registering shutdown blocker for XPIProvider
1493387455740	addons.manager	DEBUG	Provider finished startup: XPIProvider
1493387455740	addons.manager	DEBUG	Starting provider: LightweightThemeManager
1493387455740	addons.manager	DEBUG	Registering shutdown blocker for LightweightThemeManager
1493387455741	addons.manager	DEBUG	Provider finished startup: LightweightThemeManager
1493387455741	addons.manager	DEBUG	Starting provider: GMPProvider
1493387455752	addons.manager	DEBUG	Registering shutdown blocker for GMPProvider
1493387455753	addons.manager	DEBUG	Provider finished startup: GMPProvider
1493387455753	addons.manager	DEBUG	Starting provider: PluginProvider
1493387455753	addons.manager	DEBUG	Registering shutdown blocker for PluginProvider
1493387455753	addons.manager	DEBUG	Provider finished startup: PluginProvider
1493387455754	addons.manager	DEBUG	Completed startup sequence
1493387459004	addons.manager	DEBUG	Starting provider: &lt;unnamed-provider&gt;
1493387459004	addons.manager	DEBUG	Registering shutdown blocker for &lt;unnamed-provider&gt;
1493387459004	addons.manager	DEBUG	Provider finished startup: &lt;unnamed-provider&gt;
1493387462144	DeferredSave.extensions.json	DEBUG	Write succeeded
1493387462145	addons.xpi-utils	DEBUG	XPI Database saved, setting schema version preference to 17
1493387462145	DeferredSave.extensions.json	DEBUG	Starting timer
1493387462166	addons.repository	DEBUG	No addons.json found.
1493387462207	DeferredSave.addons.json	DEBUG	Save changes
1493387462269	DeferredSave.addons.json	DEBUG	Starting timer
1493387462614	addons.manager	DEBUG	Starting provider: PreviousExperimentProvider
1493387462614	addons.manager	DEBUG	Registering shutdown blocker for PreviousExperimentProvider
1493387462614	addons.manager	DEBUG	Provider finished startup: PreviousExperimentProvider
1493387462617	DeferredSave.extensions.json	DEBUG	Starting write
1493387462660	DeferredSave.addons.json	DEBUG	Starting write
1493387463229	DeferredSave.extensions.json	DEBUG	Write succeeded
1493387463910	DeferredSave.addons.json	DEBUG	Write succeeded

	at org.openqa.selenium.firefox.internal.NewProfileExtensionConnection.start(NewProfileExtensionConnection.java:113)
	... 32 more
</pre></div></td>
<td>46</td>
<td>com.qtpselenium.facebook.pom.testcases.LoginTest@4f2b503c</td></tr>
</table><p>
</body>
</html>